TN:
SF:app.js
FN:30,(anonymous_0)
FN:35,(anonymous_1)
FNF:2
FNH:2
FNDA:2,(anonymous_0)
FNDA:37,(anonymous_1)
DA:5,4
DA:6,4
DA:8,4
DA:10,4
DA:11,4
DA:12,4
DA:13,4
DA:15,4
DA:17,4
DA:19,4
DA:20,4
DA:21,4
DA:22,4
DA:24,4
DA:25,4
DA:26,4
DA:30,4
DA:31,2
DA:35,4
DA:36,37
DA:39,37
DA:41,37
DA:46,4
LF:23
LH:23
BRDA:36,0,0,1
BRDA:36,0,1,36
BRF:2
BRH:2
end_of_record
TN:
SF:config.js
FN:13,getDatabaseUri
FNF:1
FNH:1
FNDA:11,getDatabaseUri
DA:5,9
DA:6,9
DA:8,9
DA:10,9
DA:14,11
DA:21,9
DA:23,9
DA:24,1
DA:34,9
LF:9
LH:9
BRDA:8,0,0,9
BRDA:8,0,1,8
BRDA:10,1,0,9
BRDA:10,1,1,8
BRDA:14,2,0,8
BRDA:14,2,1,3
BRDA:16,3,0,3
BRDA:16,3,1,1
BRDA:21,4,0,8
BRDA:21,4,1,1
BRDA:23,5,0,1
BRDA:23,5,1,8
BRF:12
BRH:12
end_of_record
TN:
SF:db.js
FN:14,connectDb
FNF:1
FNH:1
FNDA:7,connectDb
DA:5,7
DA:6,7
DA:8,7
DA:10,7
DA:16,7
DA:17,7
DA:18,7
DA:19,6
DA:25,7
DA:27,7
LF:10
LH:10
BRF:0
BRH:0
end_of_record
TN:
SF:expressError.js
FN:10,(anonymous_0)
FN:20,(anonymous_1)
FN:28,(anonymous_2)
FN:36,(anonymous_3)
FN:44,(anonymous_4)
FNF:5
FNH:4
FNDA:52,(anonymous_0)
FNDA:14,(anonymous_1)
FNDA:22,(anonymous_2)
FNDA:16,(anonymous_3)
FNDA:0,(anonymous_4)
DA:11,52
DA:12,52
DA:13,52
DA:21,14
DA:29,22
DA:37,16
DA:45,0
DA:49,8
LF:8
LH:7
BRDA:20,0,0,2
BRDA:28,1,0,18
BRDA:36,2,0,0
BRDA:44,3,0,0
BRF:4
BRH:2
end_of_record
TN:
SF:helpers/sql.js
FN:23,sqlForPartialUpdate
FN:28,(anonymous_1)
FNF:2
FNH:2
FNDA:15,sqlForPartialUpdate
FNDA:27,(anonymous_1)
DA:3,8
DA:24,15
DA:25,15
DA:28,13
DA:29,27
DA:32,13
DA:38,8
LF:7
LH:7
BRDA:25,0,0,2
BRDA:25,0,1,13
BRDA:29,1,0,27
BRDA:29,1,1,11
BRF:4
BRH:4
end_of_record
TN:
SF:helpers/tokens.js
FN:8,createToken
FNF:1
FNH:1
FNDA:16,createToken
DA:3,5
DA:4,5
DA:9,16
DA:14,16
DA:17,5
LF:5
LH:5
BRF:0
BRH:0
end_of_record
TN:
SF:middleware/auth.js
FN:19,authenticateJWT
FN:39,ensureLoggedIn
FN:51,ensureIsAdmin
FNF:3
FNH:3
FNDA:59,authenticateJWT
FNDA:43,ensureLoggedIn
FNDA:21,ensureIsAdmin
DA:5,5
DA:6,5
DA:7,5
DA:8,5
DA:20,59
DA:21,59
DA:22,34
DA:24,34
DA:25,34
DA:30,59
DA:40,43
DA:41,10
DA:52,21
DA:53,6
DA:55,6
DA:59,5
LF:16
LH:16
BRDA:21,0,0,34
BRDA:21,0,1,25
BRDA:40,1,0,33
BRDA:40,1,1,10
BRDA:52,2,0,15
BRDA:52,2,1,6
BRF:6
BRH:6
end_of_record
TN:
SF:models/_testCommon.js
FN:8,commonBeforeAll
FN:34,commonBeforeEach
FN:38,commonAfterEach
FN:42,commonAfterAll
FNF:4
FNH:4
FNDA:2,commonBeforeAll
FNDA:28,commonBeforeEach
FNDA:28,commonAfterEach
FNDA:2,commonAfterAll
DA:3,2
DA:5,2
DA:6,2
DA:10,2
DA:12,2
DA:14,2
DA:20,2
DA:35,28
DA:39,28
DA:43,2
DA:47,2
LF:11
LH:11
BRF:0
BRH:0
end_of_record
TN:
SF:models/company.js
FN:19,(anonymous_0)
FN:63,(anonymous_1)
FN:131,(anonymous_2)
FN:160,(anonymous_3)
FN:192,(anonymous_4)
FNF:5
FNH:5
FNDA:13,(anonymous_0)
FNDA:4,(anonymous_1)
FNDA:5,(anonymous_2)
FNDA:6,(anonymous_3)
FNDA:4,(anonymous_4)
DA:3,5
DA:4,5
DA:5,5
DA:20,13
DA:25,13
DA:26,1
DA:28,12
DA:48,12
DA:50,12
DA:64,4
DA:65,4
DA:69,4
DA:70,3
DA:71,3
DA:72,3
DA:75,4
DA:76,0
DA:81,4
DA:82,2
DA:83,2
DA:85,4
DA:86,2
DA:87,2
DA:89,4
DA:90,2
DA:91,2
DA:93,4
DA:94,2
DA:96,4
DA:97,2
DA:99,4
DA:100,2
DA:102,4
DA:103,2
DA:105,4
DA:106,4
DA:109,4
DA:120,4
DA:132,5
DA:141,5
DA:143,5
DA:145,3
DA:161,6
DA:167,5
DA:169,5
DA:179,5
DA:180,5
DA:182,5
DA:184,3
DA:193,4
DA:198,4
DA:200,4
DA:205,5
LF:53
LH:52
BRDA:25,0,0,1
BRDA:25,0,1,12
BRDA:63,1,0,1
BRDA:69,2,0,3
BRDA:69,2,1,1
BRDA:75,3,0,0
BRDA:75,3,1,4
BRDA:81,4,0,2
BRDA:81,4,1,2
BRDA:85,5,0,2
BRDA:85,5,1,2
BRDA:89,6,0,2
BRDA:89,6,1,2
BRDA:93,7,0,2
BRDA:93,7,1,2
BRDA:93,8,0,4
BRDA:93,8,1,2
BRDA:96,9,0,2
BRDA:96,9,1,2
BRDA:96,10,0,4
BRDA:96,10,1,2
BRDA:99,11,0,2
BRDA:99,11,1,2
BRDA:99,12,0,4
BRDA:99,12,1,2
BRDA:102,13,0,2
BRDA:102,13,1,2
BRDA:102,14,0,4
BRDA:102,14,1,2
BRDA:102,14,2,2
BRDA:143,15,0,2
BRDA:143,15,1,3
BRDA:182,16,0,2
BRDA:182,16,1,3
BRDA:200,17,0,2
BRDA:200,17,1,2
BRF:36
BRH:35
end_of_record
TN:
SF:models/user.js
FN:24,(anonymous_0)
FN:58,(anonymous_1)
FN:106,(anonymous_2)
FN:128,(anonymous_3)
FN:163,(anonymous_4)
FN:197,(anonymous_5)
FNF:6
FNH:6
FNDA:7,(anonymous_0)
FNDA:19,(anonymous_1)
FNDA:2,(anonymous_2)
FNDA:6,(anonymous_3)
FNDA:8,(anonymous_4)
FNDA:5,(anonymous_5)
DA:3,6
DA:4,6
DA:5,6
DA:10,6
DA:12,6
DA:26,7
DA:37,7
DA:39,7
DA:41,4
DA:42,4
DA:43,3
DA:44,3
DA:48,4
DA:60,19
DA:66,19
DA:67,1
DA:70,18
DA:72,18
DA:96,18
DA:98,18
DA:107,2
DA:117,2
DA:129,6
DA:139,6
DA:141,6
DA:143,4
DA:164,8
DA:165,2
DA:168,8
DA:175,7
DA:177,7
DA:186,7
DA:187,7
DA:189,7
DA:191,5
DA:192,5
DA:198,5
DA:204,5
DA:206,5
DA:213,6
LF:40
LH:40
BRDA:39,0,0,4
BRDA:39,0,1,3
BRDA:42,1,0,3
BRDA:42,1,1,1
BRDA:66,2,0,1
BRDA:66,2,1,18
BRDA:141,3,0,2
BRDA:141,3,1,4
BRDA:164,4,0,2
BRDA:164,4,1,6
BRDA:189,5,0,2
BRDA:189,5,1,5
BRDA:206,6,0,2
BRDA:206,6,1,3
BRF:14
BRH:14
end_of_record
TN:
SF:routes/_testCommon.js
FN:8,commonBeforeAll
FN:74,commonBeforeEach
FN:78,commonAfterEach
FN:82,commonAfterAll
FNF:4
FNH:4
FNDA:3,commonBeforeAll
FNDA:54,commonBeforeEach
FNDA:54,commonAfterEach
FNDA:3,commonAfterAll
DA:3,3
DA:4,3
DA:5,3
DA:6,3
DA:10,3
DA:12,3
DA:14,3
DA:22,3
DA:30,3
DA:39,3
DA:47,3
DA:55,3
DA:63,3
DA:75,54
DA:79,54
DA:83,3
DA:87,3
DA:88,3
DA:89,3
DA:91,3
DA:99,3
LF:21
LH:21
BRF:0
BRH:0
end_of_record
TN:
SF:routes/auth.js
FN:22,(anonymous_0)
FN:29,(anonymous_1)
FN:49,(anonymous_2)
FN:56,(anonymous_3)
FNF:4
FNH:4
FNDA:5,(anonymous_0)
FNDA:2,(anonymous_1)
FNDA:3,(anonymous_2)
FNDA:5,(anonymous_3)
DA:5,4
DA:7,4
DA:8,4
DA:9,4
DA:10,4
DA:11,4
DA:12,4
DA:13,4
DA:22,4
DA:23,5
DA:28,5
DA:29,2
DA:30,2
DA:33,3
DA:34,3
DA:35,1
DA:36,1
DA:49,4
DA:50,3
DA:55,3
DA:56,5
DA:57,2
DA:60,1
DA:61,1
DA:62,1
DA:66,4
LF:26
LH:26
BRDA:28,0,0,2
BRDA:28,0,1,3
BRDA:55,1,0,2
BRDA:55,1,1,1
BRF:4
BRH:4
end_of_record
TN:
SF:routes/companies.js
FN:29,(anonymous_0)
FN:36,(anonymous_1)
FN:55,(anonymous_2)
FN:63,(anonymous_3)
FN:81,(anonymous_4)
FN:98,(anonymous_5)
FN:105,(anonymous_6)
FN:119,(anonymous_7)
FNF:8
FNH:8
FNDA:3,(anonymous_0)
FNDA:3,(anonymous_1)
FNDA:3,(anonymous_2)
FNDA:1,(anonymous_3)
FNDA:3,(anonymous_4)
FNDA:4,(anonymous_5)
FNDA:2,(anonymous_6)
FNDA:2,(anonymous_7)
DA:5,4
DA:6,4
DA:7,4
DA:9,4
DA:10,4
DA:11,4
DA:13,4
DA:14,4
DA:16,4
DA:29,4
DA:30,3
DA:35,3
DA:36,3
DA:37,2
DA:40,1
DA:41,1
DA:55,4
DA:57,3
DA:62,3
DA:63,1
DA:64,1
DA:69,2
DA:70,2
DA:81,4
DA:82,3
DA:83,2
DA:98,4
DA:99,4
DA:104,4
DA:105,2
DA:106,2
DA:109,2
DA:110,1
DA:119,4
DA:120,2
DA:121,1
DA:125,4
LF:37
LH:37
BRDA:35,0,0,2
BRDA:35,0,1,1
BRDA:62,1,0,1
BRDA:62,1,1,2
BRDA:104,2,0,2
BRDA:104,2,1,2
BRF:6
BRH:6
end_of_record
TN:
SF:routes/users.js
FN:31,(anonymous_0)
FN:38,(anonymous_1)
FN:56,(anonymous_2)
FN:70,(anonymous_3)
FN:95,(anonymous_4)
FN:102,(anonymous_5)
FN:124,(anonymous_6)
FNF:7
FNH:7
FNDA:4,(anonymous_0)
FNDA:5,(anonymous_1)
FNDA:1,(anonymous_2)
FNDA:4,(anonymous_3)
FNDA:5,(anonymous_4)
FNDA:1,(anonymous_5)
FNDA:4,(anonymous_6)
DA:5,4
DA:7,4
DA:8,4
DA:9,4
DA:10,4
DA:11,4
DA:12,4
DA:13,4
DA:15,4
DA:31,4
DA:32,4
DA:37,4
DA:38,5
DA:39,2
DA:42,2
DA:43,2
DA:44,2
DA:56,4
DA:57,1
DA:58,1
DA:70,4
DA:71,4
DA:72,3
DA:73,3
DA:75,3
DA:76,2
DA:79,1
DA:95,4
DA:96,5
DA:101,5
DA:102,1
DA:103,1
DA:106,4
DA:107,4
DA:109,4
DA:110,4
DA:111,3
DA:114,0
DA:124,4
DA:125,4
DA:126,4
DA:128,4
DA:129,3
DA:130,2
DA:133,1
DA:140,4
LF:46
LH:45
BRDA:37,0,0,2
BRDA:37,0,1,2
BRDA:75,1,0,2
BRDA:75,1,1,1
BRDA:75,2,0,3
BRDA:75,2,1,2
BRDA:101,3,0,1
BRDA:101,3,1,4
BRDA:109,4,0,4
BRDA:109,4,1,0
BRDA:109,5,0,4
BRDA:109,5,1,2
BRDA:128,6,0,3
BRDA:128,6,1,1
BRDA:128,7,0,4
BRDA:128,7,1,2
BRF:16
BRH:15
end_of_record
