TN:
SF:config.js
FN:13,getDatabaseUri
FNF:1
FNH:1
FNDA:1,getDatabaseUri
DA:5,1
DA:6,1
DA:8,1
DA:10,1
DA:14,1
DA:21,1
DA:23,1
DA:24,0
DA:34,1
LF:9
LH:8
BRDA:8,0,0,1
BRDA:8,0,1,1
BRDA:10,1,0,1
BRDA:10,1,1,1
BRDA:14,2,0,1
BRDA:14,2,1,0
BRDA:16,3,0,0
BRDA:16,3,1,0
BRDA:21,4,0,1
BRDA:21,4,1,0
BRDA:23,5,0,0
BRDA:23,5,1,1
BRF:12
BRH:7
end_of_record
TN:
SF:db.js
FN:14,connectDb
FNF:1
FNH:1
FNDA:1,connectDb
DA:5,1
DA:6,1
DA:8,1
DA:10,1
DA:16,1
DA:17,1
DA:18,1
DA:19,1
DA:25,1
DA:27,1
LF:10
LH:10
BRF:0
BRH:0
end_of_record
TN:
SF:expressError.js
FN:10,(anonymous_0)
FN:20,(anonymous_1)
FN:28,(anonymous_2)
FN:36,(anonymous_3)
FN:44,(anonymous_4)
FNF:5
FNH:0
FNDA:0,(anonymous_0)
FNDA:0,(anonymous_1)
FNDA:0,(anonymous_2)
FNDA:0,(anonymous_3)
FNDA:0,(anonymous_4)
DA:11,0
DA:12,0
DA:13,0
DA:21,0
DA:29,0
DA:37,0
DA:45,0
DA:49,1
LF:8
LH:1
BRDA:20,0,0,0
BRDA:28,1,0,0
BRDA:36,2,0,0
BRDA:44,3,0,0
BRF:4
BRH:0
end_of_record
TN:
SF:helpers/sql.js
FN:23,sqlForPartialUpdate
FN:28,(anonymous_1)
FNF:2
FNH:0
FNDA:0,sqlForPartialUpdate
FNDA:0,(anonymous_1)
DA:3,1
DA:24,0
DA:25,0
DA:28,0
DA:29,0
DA:32,0
DA:38,1
LF:7
LH:2
BRDA:25,0,0,0
BRDA:25,0,1,0
BRDA:29,1,0,0
BRDA:29,1,1,0
BRF:4
BRH:0
end_of_record
TN:
SF:models/_testCommon.js
FN:8,commonBeforeAll
FN:45,commonBeforeEach
FN:49,commonAfterEach
FN:53,commonAfterAll
FNF:4
FNH:4
FNDA:1,commonBeforeAll
FNDA:3,commonBeforeEach
FNDA:3,commonAfterEach
FNDA:1,commonAfterAll
DA:3,1
DA:5,1
DA:6,1
DA:10,1
DA:12,1
DA:14,1
DA:20,1
DA:33,1
DA:46,3
DA:50,3
DA:54,1
DA:58,1
LF:12
LH:12
BRF:0
BRH:0
end_of_record
TN:
SF:models/job.js
FN:23,(anonymous_0)
FN:51,(anonymous_1)
FN:113,(anonymous_2)
FN:142,(anonymous_3)
FN:170,(anonymous_4)
FNF:5
FNH:2
FNDA:1,(anonymous_0)
FNDA:2,(anonymous_1)
FNDA:0,(anonymous_2)
FNDA:0,(anonymous_3)
FNDA:0,(anonymous_4)
DA:3,1
DA:4,1
DA:9,1
DA:24,1
DA:36,1
DA:38,1
DA:52,2
DA:53,2
DA:58,2
DA:59,1
DA:60,1
DA:61,1
DA:64,2
DA:65,1
DA:66,1
DA:68,2
DA:69,1
DA:70,1
DA:72,2
DA:73,1
DA:74,1
DA:76,2
DA:77,1
DA:79,2
DA:80,1
DA:82,2
DA:83,1
DA:85,2
DA:86,1
DA:91,2
DA:92,2
DA:103,2
DA:114,0
DA:123,0
DA:125,0
DA:127,0
DA:143,0
DA:145,0
DA:147,0
DA:157,0
DA:158,0
DA:160,0
DA:162,0
DA:171,0
DA:176,0
DA:178,0
DA:182,1
LF:47
LH:33
BRDA:51,0,0,1
BRDA:58,1,0,1
BRDA:58,1,1,1
BRDA:64,2,0,1
BRDA:64,2,1,1
BRDA:68,3,0,1
BRDA:68,3,1,1
BRDA:72,4,0,1
BRDA:72,4,1,1
BRDA:76,5,0,1
BRDA:76,5,1,1
BRDA:76,6,0,2
BRDA:76,6,1,1
BRDA:79,7,0,1
BRDA:79,7,1,1
BRDA:79,8,0,2
BRDA:79,8,1,1
BRDA:82,9,0,1
BRDA:82,9,1,1
BRDA:82,10,0,2
BRDA:82,10,1,1
BRDA:85,11,0,1
BRDA:85,11,1,1
BRDA:85,12,0,2
BRDA:85,12,1,1
BRDA:85,12,2,1
BRDA:125,13,0,0
BRDA:125,13,1,0
BRDA:160,14,0,0
BRDA:160,14,1,0
BRDA:178,15,0,0
BRDA:178,15,1,0
BRF:32
BRH:26
end_of_record
